   0  $accept : prog $end

   1  $$1 :

   2  prog : ID $$1 cuerpo
   3       | cuerpo_error

   4  cuerpo_error : BEGIN sentencias ';' END
   5               | BEGIN sentencia END
   6               | BEGIN sentencias ';'

   7  cuerpo : BEGIN sentencias ';' END
   8         | BEGIN sentencia END
   9         | BEGIN sentencias ';'
  10         | sentencias ';' END
  11         | sentencias ';'

  12  sentencias : sentencias ';' sentencia
  13             | sentencia
  14             | error ';'
  15             | sentencias sentencia

  16  sentencia : sentec_declar
  17            | sentec_eject

  18  sentec_declar : declaracion_var
  19                | declaracion_fun
  20                | TAG
  21                | declar_tipo_trip

  22  sentec_eject : asignacion
  23               | invoc_fun
  24               | seleccion
  25               | sald_mensaj
  26               | for
  27               | goto

  28  condicion : '(' condicion_2 ')'
  29            | condicion_2
  30            | '(' condicion_2
  31            | condicion_2 ')'

  32  condicion_2 : expresion_matematica comparador expresion_matematica
  33              | '(' patron_izq ')' comparador '(' patron_der ')'
  34              | '(' patron_izq comparador patron_der ')'
  35              | '(' patron_izq ')' comparador patron_der ')'
  36              | '(' patron_izq comparador '(' patron_der ')'
  37              | '(' patron_izq ')' error '(' patron_der ')'
  38              | expresion_matematica error expresion_matematica

  39  patron_izq : lista_patron_izq ',' expresion_matematica

  40  lista_patron_izq : lista_patron_izq ',' expresion_matematica
  41                   | expresion_matematica

  42  patron_der : lista_patron_der ',' expresion_matematica

  43  lista_patron_der : lista_patron_der ',' expresion_matematica
  44                   | expresion_matematica

  45  seleccion : IF condicion_punto_control THEN cuerpo_control sinelse_punto_control
  46            | IF condicion_punto_control THEN cuerpo_control else_punto_control cuerpo_control endif_punto_control
  47            | IF condicion_punto_control THEN cuerpo_control
  48            | IF condicion_punto_control THEN else_punto_control
  49            | IF condicion_punto_control THEN sinelse_punto_control
  50            | IF condicion_punto_control THEN cuerpo_control else_punto_control endif_punto_control
  51            | IF condicion_punto_control THEN else_punto_control endif_punto_control

  52  sinelse_punto_control : END_IF

  53  condicion_punto_control : condicion

  54  else_punto_control : ELSE

  55  endif_punto_control : END_IF

  56  comparador : MASI
  57             | MENOSI
  58             | DIST
  59             | '='
  60             | '<'
  61             | '>'

  62  cuerpo_control : BEGIN multip_cuerp_fun ';' END
  63                 | sentec_eject ';'
  64                 | BEGIN ';' END
  65                 | BEGIN END
  66                 | BEGIN multip_cuerp_fun END

  67  cuerpo_iteracion : BEGIN multip_cuerp_fun ';' END
  68                   | sentec_eject ';'
  69                   | BEGIN ';' END
  70                   | BEGIN END
  71                   | BEGIN multip_cuerp_fun END

  72  multip_cuerp_fun : multip_cuerp_fun ';' sentec_eject
  73                   | sentec_eject
  74                   | multip_cuerp_fun sentec_eject

  75  declaracion_var : tipo lista_variables

  76  $$2 :

  77  declaracion_var : ID $$2 lista_variables

  78  lista_variables : lista_variables ',' ID
  79                  | ID
  80                  | lista_variables error ID

  81  tipo : DOUBLE
  82       | ULONGINT

  83  asignacion : triple_asig ASIGN expresion_matematica
  84             | ID ASIGN expresion_matematica

  85  expresion_matematica : expresion_matematica '+' termino
  86                       | expresion_matematica '-' termino
  87                       | termino
  88                       | '+' termino
  89                       | expresion_matematica '+' error ')'
  90                       | expresion_matematica '+' error ';'
  91                       | expresion_matematica '-' error ')'
  92                       | expresion_matematica '-' error ';'

  93  termino : termino '*' factor
  94          | termino '/' factor
  95          | factor
  96          | '*' factor
  97          | '/' factor
  98          | termino '/' error ')'
  99          | termino '*' error ')'
 100          | termino '*' error ';'
 101          | termino '/' error ';'

 102  factor : ID
 103         | constante
 104         | invoc_fun
 105         | triple

 106  constante : CTE
 107            | '-' CTE

 108  triple_asig : ID '{' expresion_matematica '}'

 109  triple : ID '{' expresion_matematica '}'

 110  $$3 :

 111  $$4 :

 112  declaracion_fun : tipo_fun FUN ID '(' $$3 lista_parametro ')' $$4 cuerpo_funcion_p

 113  $$5 :

 114  declaracion_fun : tipo_fun FUN '(' lista_parametro ')' $$5 cuerpo_funcion_p

 115  $$6 :

 116  declaracion_fun : tipo_fun FUN ID '(' ')' $$6 cuerpo_funcion_p

 117  tipo_fun : tipo
 118           | ID

 119  lista_parametro : lista_parametro ',' parametro
 120                  | parametro

 121  parametro : tipo ID
 122            | ID ID
 123            | tipo
 124            | ID

 125  cuerpo_funcion_p : BEGIN bloques_funcion ';' END

 126  bloques_funcion : bloques_funcion ';' bloque_funcion
 127                  | bloque_funcion
 128                  | bloques_funcion bloque_funcion

 129  bloque_funcion : retorno
 130                 | sentencia

 131  retorno : RET '(' expresion_matematica ')'

 132  $$7 :

 133  invoc_fun : ID '(' $$7 lista_parametro_real ')'
 134            | ID '(' ')'

 135  lista_parametro_real : lista_parametro_real ',' param_real
 136                       | param_real

 137  param_real : expresion_matematica
 138             | tipo ID

 139  sald_mensaj : OUTF '(' mensaje ')'
 140              | OUTF '(' ')'
 141              | OUTF '(' error ')'

 142  mensaje : expresion_matematica
 143          | CADMUL

 144  for : FOR '(' asignacion_for ';' condicion_for ';' foravanc CTE ')' cuerpo_iteracion
 145      | FOR '(' asignacion_for ';' condicion_for foravanc '-' CTE ')' cuerpo_iteracion
 146      | FOR '(' asignacion_for ';' condicion_for foravanc CTE ')' cuerpo_iteracion
 147      | FOR '(' asignacion_for condicion_for ';' foravanc CTE ')' cuerpo_iteracion
 148      | FOR '(' asignacion_for condicion_for foravanc CTE ')' cuerpo_iteracion
 149      | FOR '(' asignacion_for ';' condicion_for ';' CTE ')' cuerpo_iteracion
 150      | FOR '(' asignacion_for ';' condicion_for ';' foravanc ')' cuerpo_iteracion
 151      | FOR '(' asignacion_for ';' condicion_for CTE ')' cuerpo_iteracion
 152      | FOR '(' asignacion_for ';' condicion_for foravanc ')' cuerpo_iteracion
 153      | FOR '(' asignacion_for ';' condicion_for ';' ')' cuerpo_iteracion

 154  condicion_for : condicion

 155  asignacion_for : ID ASIGN CTE

 156  foravanc : UP
 157           | DOWN

 158  goto : GOTO TAG
 159       | GOTO error ';'

 160  declar_tipo_trip : TYPEDEF TRIPLE '<' tipo '>' ID
 161                   | TYPEDEF TRIPLE tipo '>' ID
 162                   | TYPEDEF TRIPLE '<' tipo ID
 163                   | TYPEDEF TRIPLE tipo ID
 164                   | TYPEDEF '<' tipo '>' ID
 165                   | TYPEDEF TRIPLE '<' tipo '>' error ';'

state 0
	$accept : . prog $end  (0)

	ID  shift 1
	BEGIN  shift 2
	.  error

	prog  goto 3
	cuerpo_error  goto 4


state 1
	prog : ID . $$1 cuerpo  (2)
	$$1 : .  (1)

	.  reduce 1

	$$1  goto 5


state 2
	cuerpo_error : BEGIN . sentencias ';' END  (4)
	cuerpo_error : BEGIN . sentencia END  (5)
	cuerpo_error : BEGIN . sentencias ';'  (6)

	error  shift 6
	ID  shift 7
	GOTO  shift 8
	FOR  shift 9
	ULONGINT  shift 10
	DOUBLE  shift 11
	IF  shift 12
	OUTF  shift 13
	TYPEDEF  shift 14
	TAG  shift 15
	.  error

	sentencias  goto 16
	sentencia  goto 17
	sentec_declar  goto 18
	sentec_eject  goto 19
	declaracion_var  goto 20
	declaracion_fun  goto 21
	declar_tipo_trip  goto 22
	asignacion  goto 23
	invoc_fun  goto 24
	seleccion  goto 25
	sald_mensaj  goto 26
	for  goto 27
	goto  goto 28
	tipo  goto 29
	triple_asig  goto 30
	tipo_fun  goto 31


state 3
	$accept : prog . $end  (0)

	$end  accept


state 4
	prog : cuerpo_error .  (3)

	.  reduce 3


state 5
	prog : ID $$1 . cuerpo  (2)

	error  shift 6
	ID  shift 7
	GOTO  shift 8
	FOR  shift 9
	ULONGINT  shift 10
	DOUBLE  shift 11
	IF  shift 12
	BEGIN  shift 32
	OUTF  shift 13
	TYPEDEF  shift 14
	TAG  shift 15
	.  error

	cuerpo  goto 33
	sentencias  goto 34
	sentencia  goto 35
	sentec_declar  goto 18
	sentec_eject  goto 19
	declaracion_var  goto 20
	declaracion_fun  goto 21
	declar_tipo_trip  goto 22
	asignacion  goto 23
	invoc_fun  goto 24
	seleccion  goto 25
	sald_mensaj  goto 26
	for  goto 27
	goto  goto 28
	tipo  goto 29
	triple_asig  goto 30
	tipo_fun  goto 31


state 6
	sentencias : error . ';'  (14)

	';'  shift 36
	.  error


state 7
	declaracion_var : ID . $$2 lista_variables  (77)
	asignacion : ID . ASIGN expresion_matematica  (84)
	triple_asig : ID . '{' expresion_matematica '}'  (108)
	tipo_fun : ID .  (118)
	invoc_fun : ID . '(' $$7 lista_parametro_real ')'  (133)
	invoc_fun : ID . '(' ')'  (134)
	$$2 : .  (76)

	ASIGN  shift 37
	'('  shift 38
	'{'  shift 39
	ID  reduce 76
	FUN  reduce 118

	$$2  goto 40


state 8
	goto : GOTO . TAG  (158)
	goto : GOTO . error ';'  (159)

	error  shift 41
	TAG  shift 42
	.  error


state 9
	for : FOR . '(' asignacion_for ';' condicion_for ';' foravanc CTE ')' cuerpo_iteracion  (144)
	for : FOR . '(' asignacion_for ';' condicion_for foravanc '-' CTE ')' cuerpo_iteracion  (145)
	for : FOR . '(' asignacion_for ';' condicion_for foravanc CTE ')' cuerpo_iteracion  (146)
	for : FOR . '(' asignacion_for condicion_for ';' foravanc CTE ')' cuerpo_iteracion  (147)
	for : FOR . '(' asignacion_for condicion_for foravanc CTE ')' cuerpo_iteracion  (148)
	for : FOR . '(' asignacion_for ';' condicion_for ';' CTE ')' cuerpo_iteracion  (149)
	for : FOR . '(' asignacion_for ';' condicion_for ';' foravanc ')' cuerpo_iteracion  (150)
	for : FOR . '(' asignacion_for ';' condicion_for CTE ')' cuerpo_iteracion  (151)
	for : FOR . '(' asignacion_for ';' condicion_for foravanc ')' cuerpo_iteracion  (152)
	for : FOR . '(' asignacion_for ';' condicion_for ';' ')' cuerpo_iteracion  (153)

	'('  shift 43
	.  error


state 10
	tipo : ULONGINT .  (82)

	.  reduce 82


state 11
	tipo : DOUBLE .  (81)

	.  reduce 81


state 12
	seleccion : IF . condicion_punto_control THEN cuerpo_control sinelse_punto_control  (45)
	seleccion : IF . condicion_punto_control THEN cuerpo_control else_punto_control cuerpo_control endif_punto_control  (46)
	seleccion : IF . condicion_punto_control THEN cuerpo_control  (47)
	seleccion : IF . condicion_punto_control THEN else_punto_control  (48)
	seleccion : IF . condicion_punto_control THEN sinelse_punto_control  (49)
	seleccion : IF . condicion_punto_control THEN cuerpo_control else_punto_control endif_punto_control  (50)
	seleccion : IF . condicion_punto_control THEN else_punto_control endif_punto_control  (51)

	ID  shift 44
	CTE  shift 45
	'('  shift 46
	'+'  shift 47
	'-'  shift 48
	'*'  shift 49
	'/'  shift 50
	.  error

	invoc_fun  goto 51
	condicion  goto 52
	condicion_2  goto 53
	expresion_matematica  goto 54
	condicion_punto_control  goto 55
	termino  goto 56
	factor  goto 57
	constante  goto 58
	triple  goto 59


state 13
	sald_mensaj : OUTF . '(' mensaje ')'  (139)
	sald_mensaj : OUTF . '(' ')'  (140)
	sald_mensaj : OUTF . '(' error ')'  (141)

	'('  shift 60
	.  error


state 14
	declar_tipo_trip : TYPEDEF . TRIPLE '<' tipo '>' ID  (160)
	declar_tipo_trip : TYPEDEF . TRIPLE tipo '>' ID  (161)
	declar_tipo_trip : TYPEDEF . TRIPLE '<' tipo ID  (162)
	declar_tipo_trip : TYPEDEF . TRIPLE tipo ID  (163)
	declar_tipo_trip : TYPEDEF . '<' tipo '>' ID  (164)
	declar_tipo_trip : TYPEDEF . TRIPLE '<' tipo '>' error ';'  (165)

	TRIPLE  shift 61
	'<'  shift 62
	.  error


state 15
	sentec_declar : TAG .  (20)

	.  reduce 20


state 16
	cuerpo_error : BEGIN sentencias . ';' END  (4)
	cuerpo_error : BEGIN sentencias . ';'  (6)
	sentencias : sentencias . ';' sentencia  (12)
	sentencias : sentencias . sentencia  (15)

	ID  shift 7
	GOTO  shift 8
	FOR  shift 9
	ULONGINT  shift 10
	DOUBLE  shift 11
	IF  shift 12
	OUTF  shift 13
	TYPEDEF  shift 14
	TAG  shift 15
	';'  shift 63
	.  error

	sentencia  goto 64
	sentec_declar  goto 18
	sentec_eject  goto 19
	declaracion_var  goto 20
	declaracion_fun  goto 21
	declar_tipo_trip  goto 22
	asignacion  goto 23
	invoc_fun  goto 24
	seleccion  goto 25
	sald_mensaj  goto 26
	for  goto 27
	goto  goto 28
	tipo  goto 29
	triple_asig  goto 30
	tipo_fun  goto 31


state 17
	cuerpo_error : BEGIN sentencia . END  (5)
	sentencias : sentencia .  (13)

	END  shift 65
	ID  reduce 13
	GOTO  reduce 13
	FOR  reduce 13
	ULONGINT  reduce 13
	DOUBLE  reduce 13
	IF  reduce 13
	OUTF  reduce 13
	TYPEDEF  reduce 13
	TAG  reduce 13
	';'  reduce 13


state 18
	sentencia : sentec_declar .  (16)

	.  reduce 16


state 19
	sentencia : sentec_eject .  (17)

	.  reduce 17


state 20
	sentec_declar : declaracion_var .  (18)

	.  reduce 18


state 21
	sentec_declar : declaracion_fun .  (19)

	.  reduce 19


state 22
	sentec_declar : declar_tipo_trip .  (21)

	.  reduce 21


state 23
	sentec_eject : asignacion .  (22)

	.  reduce 22


state 24
	sentec_eject : invoc_fun .  (23)

	.  reduce 23


state 25
	sentec_eject : seleccion .  (24)

	.  reduce 24


state 26
	sentec_eject : sald_mensaj .  (25)

	.  reduce 25


state 27
	sentec_eject : for .  (26)

	.  reduce 26


state 28
	sentec_eject : goto .  (27)

	.  reduce 27


state 29
	declaracion_var : tipo . lista_variables  (75)
	tipo_fun : tipo .  (117)

	ID  shift 66
	FUN  reduce 117

	lista_variables  goto 67


state 30
	asignacion : triple_asig . ASIGN expresion_matematica  (83)

	ASIGN  shift 68
	.  error


state 31
	declaracion_fun : tipo_fun . FUN ID '(' $$3 lista_parametro ')' $$4 cuerpo_funcion_p  (112)
	declaracion_fun : tipo_fun . FUN '(' lista_parametro ')' $$5 cuerpo_funcion_p  (114)
	declaracion_fun : tipo_fun . FUN ID '(' ')' $$6 cuerpo_funcion_p  (116)

	FUN  shift 69
	.  error


state 32
	cuerpo : BEGIN . sentencias ';' END  (7)
	cuerpo : BEGIN . sentencia END  (8)
	cuerpo : BEGIN . sentencias ';'  (9)

	error  shift 6
	ID  shift 7
	GOTO  shift 8
	FOR  shift 9
	ULONGINT  shift 10
	DOUBLE  shift 11
	IF  shift 12
	OUTF  shift 13
	TYPEDEF  shift 14
	TAG  shift 15
	.  error

	sentencias  goto 70
	sentencia  goto 71
	sentec_declar  goto 18
	sentec_eject  goto 19
	declaracion_var  goto 20
	declaracion_fun  goto 21
	declar_tipo_trip  goto 22
	asignacion  goto 23
	invoc_fun  goto 24
	seleccion  goto 25
	sald_mensaj  goto 26
	for  goto 27
	goto  goto 28
	tipo  goto 29
	triple_asig  goto 30
	tipo_fun  goto 31


state 33
	prog : ID $$1 cuerpo .  (2)

	.  reduce 2


state 34
	cuerpo : sentencias . ';' END  (10)
	cuerpo : sentencias . ';'  (11)
	sentencias : sentencias . ';' sentencia  (12)
	sentencias : sentencias . sentencia  (15)

	ID  shift 7
	GOTO  shift 8
	FOR  shift 9
	ULONGINT  shift 10
	DOUBLE  shift 11
	IF  shift 12
	OUTF  shift 13
	TYPEDEF  shift 14
	TAG  shift 15
	';'  shift 72
	.  error

	sentencia  goto 64
	sentec_declar  goto 18
	sentec_eject  goto 19
	declaracion_var  goto 20
	declaracion_fun  goto 21
	declar_tipo_trip  goto 22
	asignacion  goto 23
	invoc_fun  goto 24
	seleccion  goto 25
	sald_mensaj  goto 26
	for  goto 27
	goto  goto 28
	tipo  goto 29
	triple_asig  goto 30
	tipo_fun  goto 31


state 35
	sentencias : sentencia .  (13)

	.  reduce 13


state 36
	sentencias : error ';' .  (14)

	.  reduce 14


state 37
	asignacion : ID ASIGN . expresion_matematica  (84)

	ID  shift 44
	CTE  shift 45
	'+'  shift 47
	'-'  shift 48
	'*'  shift 49
	'/'  shift 50
	.  error

	invoc_fun  goto 51
	expresion_matematica  goto 73
	termino  goto 56
	factor  goto 57
	constante  goto 58
	triple  goto 59


state 38
	invoc_fun : ID '(' . $$7 lista_parametro_real ')'  (133)
	invoc_fun : ID '(' . ')'  (134)
	$$7 : .  (132)

	')'  shift 74
	ID  reduce 132
	CTE  reduce 132
	ULONGINT  reduce 132
	DOUBLE  reduce 132
	'+'  reduce 132
	'-'  reduce 132
	'*'  reduce 132
	'/'  reduce 132

	$$7  goto 75


state 39
	triple_asig : ID '{' . expresion_matematica '}'  (108)

	ID  shift 44
	CTE  shift 45
	'+'  shift 47
	'-'  shift 48
	'*'  shift 49
	'/'  shift 50
	.  error

	invoc_fun  goto 51
	expresion_matematica  goto 76
	termino  goto 56
	factor  goto 57
	constante  goto 58
	triple  goto 59


state 40
	declaracion_var : ID $$2 . lista_variables  (77)

	ID  shift 66
	.  error

	lista_variables  goto 77


state 41
	goto : GOTO error . ';'  (159)

	';'  shift 78
	.  error


state 42
	goto : GOTO TAG .  (158)

	.  reduce 158


state 43
	for : FOR '(' . asignacion_for ';' condicion_for ';' foravanc CTE ')' cuerpo_iteracion  (144)
	for : FOR '(' . asignacion_for ';' condicion_for foravanc '-' CTE ')' cuerpo_iteracion  (145)
	for : FOR '(' . asignacion_for ';' condicion_for foravanc CTE ')' cuerpo_iteracion  (146)
	for : FOR '(' . asignacion_for condicion_for ';' foravanc CTE ')' cuerpo_iteracion  (147)
	for : FOR '(' . asignacion_for condicion_for foravanc CTE ')' cuerpo_iteracion  (148)
	for : FOR '(' . asignacion_for ';' condicion_for ';' CTE ')' cuerpo_iteracion  (149)
	for : FOR '(' . asignacion_for ';' condicion_for ';' foravanc ')' cuerpo_iteracion  (150)
	for : FOR '(' . asignacion_for ';' condicion_for CTE ')' cuerpo_iteracion  (151)
	for : FOR '(' . asignacion_for ';' condicion_for foravanc ')' cuerpo_iteracion  (152)
	for : FOR '(' . asignacion_for ';' condicion_for ';' ')' cuerpo_iteracion  (153)

	ID  shift 79
	.  error

	asignacion_for  goto 80


state 44
	factor : ID .  (102)
	triple : ID . '{' expresion_matematica '}'  (109)
	invoc_fun : ID . '(' $$7 lista_parametro_real ')'  (133)
	invoc_fun : ID . '(' ')'  (134)

	'('  shift 38
	'{'  shift 81
	error  reduce 102
	ID  reduce 102
	CTE  reduce 102
	MASI  reduce 102
	MENOSI  reduce 102
	DIST  reduce 102
	GOTO  reduce 102
	UP  reduce 102
	DOWN  reduce 102
	FOR  reduce 102
	ULONGINT  reduce 102
	DOUBLE  reduce 102
	IF  reduce 102
	THEN  reduce 102
	END  reduce 102
	OUTF  reduce 102
	TYPEDEF  reduce 102
	RET  reduce 102
	TAG  reduce 102
	';'  reduce 102
	')'  reduce 102
	','  reduce 102
	'='  reduce 102
	'<'  reduce 102
	'>'  reduce 102
	'+'  reduce 102
	'-'  reduce 102
	'*'  reduce 102
	'/'  reduce 102
	'}'  reduce 102


state 45
	constante : CTE .  (106)

	.  reduce 106


state 46
	condicion : '(' . condicion_2 ')'  (28)
	condicion : '(' . condicion_2  (30)
	condicion_2 : '(' . patron_izq ')' comparador '(' patron_der ')'  (33)
	condicion_2 : '(' . patron_izq comparador patron_der ')'  (34)
	condicion_2 : '(' . patron_izq ')' comparador patron_der ')'  (35)
	condicion_2 : '(' . patron_izq comparador '(' patron_der ')'  (36)
	condicion_2 : '(' . patron_izq ')' error '(' patron_der ')'  (37)

	ID  shift 44
	CTE  shift 45
	'('  shift 82
	'+'  shift 47
	'-'  shift 48
	'*'  shift 49
	'/'  shift 50
	.  error

	invoc_fun  goto 51
	condicion_2  goto 83
	expresion_matematica  goto 84
	patron_izq  goto 85
	lista_patron_izq  goto 86
	termino  goto 56
	factor  goto 57
	constante  goto 58
	triple  goto 59


state 47
	expresion_matematica : '+' . termino  (88)

	ID  shift 44
	CTE  shift 45
	'-'  shift 48
	'*'  shift 49
	'/'  shift 50
	.  error

	invoc_fun  goto 51
	termino  goto 87
	factor  goto 57
	constante  goto 58
	triple  goto 59


state 48
	constante : '-' . CTE  (107)

	CTE  shift 88
	.  error


state 49
	termino : '*' . factor  (96)

	ID  shift 44
	CTE  shift 45
	'-'  shift 48
	.  error

	invoc_fun  goto 51
	factor  goto 89
	constante  goto 58
	triple  goto 59


state 50
	termino : '/' . factor  (97)

	ID  shift 44
	CTE  shift 45
	'-'  shift 48
	.  error

	invoc_fun  goto 51
	factor  goto 90
	constante  goto 58
	triple  goto 59


state 51
	factor : invoc_fun .  (104)

	.  reduce 104


state 52
	condicion_punto_control : condicion .  (53)

	.  reduce 53


state 53
	condicion : condicion_2 .  (29)
	condicion : condicion_2 . ')'  (31)

	')'  shift 91
	CTE  reduce 29
	UP  reduce 29
	DOWN  reduce 29
	THEN  reduce 29
	';'  reduce 29


state 54
	condicion_2 : expresion_matematica . comparador expresion_matematica  (32)
	condicion_2 : expresion_matematica . error expresion_matematica  (38)
	expresion_matematica : expresion_matematica . '+' termino  (85)
	expresion_matematica : expresion_matematica . '-' termino  (86)
	expresion_matematica : expresion_matematica . '+' error ')'  (89)
	expresion_matematica : expresion_matematica . '+' error ';'  (90)
	expresion_matematica : expresion_matematica . '-' error ')'  (91)
	expresion_matematica : expresion_matematica . '-' error ';'  (92)

	error  shift 92
	MASI  shift 93
	MENOSI  shift 94
	DIST  shift 95
	'='  shift 96
	'<'  shift 97
	'>'  shift 98
	'+'  shift 99
	'-'  shift 100
	.  error

	comparador  goto 101


state 55
	seleccion : IF condicion_punto_control . THEN cuerpo_control sinelse_punto_control  (45)
	seleccion : IF condicion_punto_control . THEN cuerpo_control else_punto_control cuerpo_control endif_punto_control  (46)
	seleccion : IF condicion_punto_control . THEN cuerpo_control  (47)
	seleccion : IF condicion_punto_control . THEN else_punto_control  (48)
	seleccion : IF condicion_punto_control . THEN sinelse_punto_control  (49)
	seleccion : IF condicion_punto_control . THEN cuerpo_control else_punto_control endif_punto_control  (50)
	seleccion : IF condicion_punto_control . THEN else_punto_control endif_punto_control  (51)

	THEN  shift 102
	.  error


state 56
	expresion_matematica : termino .  (87)
	termino : termino . '*' factor  (93)
	termino : termino . '/' factor  (94)
	termino : termino . '/' error ')'  (98)
	termino : termino . '*' error ')'  (99)
	termino : termino . '*' error ';'  (100)
	termino : termino . '/' error ';'  (101)

	'*'  shift 103
	'/'  shift 104
	error  reduce 87
	ID  reduce 87
	CTE  reduce 87
	MASI  reduce 87
	MENOSI  reduce 87
	DIST  reduce 87
	GOTO  reduce 87
	UP  reduce 87
	DOWN  reduce 87
	FOR  reduce 87
	ULONGINT  reduce 87
	DOUBLE  reduce 87
	IF  reduce 87
	THEN  reduce 87
	END  reduce 87
	OUTF  reduce 87
	TYPEDEF  reduce 87
	RET  reduce 87
	TAG  reduce 87
	';'  reduce 87
	')'  reduce 87
	','  reduce 87
	'='  reduce 87
	'<'  reduce 87
	'>'  reduce 87
	'+'  reduce 87
	'-'  reduce 87
	'}'  reduce 87


state 57
	termino : factor .  (95)

	.  reduce 95


state 58
	factor : constante .  (103)

	.  reduce 103


state 59
	factor : triple .  (105)

	.  reduce 105


state 60
	sald_mensaj : OUTF '(' . mensaje ')'  (139)
	sald_mensaj : OUTF '(' . ')'  (140)
	sald_mensaj : OUTF '(' . error ')'  (141)

	error  shift 105
	ID  shift 44
	CTE  shift 45
	CADMUL  shift 106
	')'  shift 107
	'+'  shift 47
	'-'  shift 48
	'*'  shift 49
	'/'  shift 50
	.  error

	invoc_fun  goto 51
	expresion_matematica  goto 108
	termino  goto 56
	factor  goto 57
	constante  goto 58
	triple  goto 59
	mensaje  goto 109


state 61
	declar_tipo_trip : TYPEDEF TRIPLE . '<' tipo '>' ID  (160)
	declar_tipo_trip : TYPEDEF TRIPLE . tipo '>' ID  (161)
	declar_tipo_trip : TYPEDEF TRIPLE . '<' tipo ID  (162)
	declar_tipo_trip : TYPEDEF TRIPLE . tipo ID  (163)
	declar_tipo_trip : TYPEDEF TRIPLE . '<' tipo '>' error ';'  (165)

	ULONGINT  shift 10
	DOUBLE  shift 11
	'<'  shift 110
	.  error

	tipo  goto 111


state 62
	declar_tipo_trip : TYPEDEF '<' . tipo '>' ID  (164)

	ULONGINT  shift 10
	DOUBLE  shift 11
	.  error

	tipo  goto 112


state 63
	cuerpo_error : BEGIN sentencias ';' . END  (4)
	cuerpo_error : BEGIN sentencias ';' .  (6)
	sentencias : sentencias ';' . sentencia  (12)

	ID  shift 7
	GOTO  shift 8
	FOR  shift 9
	ULONGINT  shift 10
	DOUBLE  shift 11
	IF  shift 12
	END  shift 113
	OUTF  shift 13
	TYPEDEF  shift 14
	TAG  shift 15
	$end  reduce 6

	sentencia  goto 114
	sentec_declar  goto 18
	sentec_eject  goto 19
	declaracion_var  goto 20
	declaracion_fun  goto 21
	declar_tipo_trip  goto 22
	asignacion  goto 23
	invoc_fun  goto 24
	seleccion  goto 25
	sald_mensaj  goto 26
	for  goto 27
	goto  goto 28
	tipo  goto 29
	triple_asig  goto 30
	tipo_fun  goto 31


state 64
	sentencias : sentencias sentencia .  (15)

	.  reduce 15


state 65
	cuerpo_error : BEGIN sentencia END .  (5)

	.  reduce 5


state 66
	lista_variables : ID .  (79)

	.  reduce 79


state 67
	declaracion_var : tipo lista_variables .  (75)
	lista_variables : lista_variables . ',' ID  (78)
	lista_variables : lista_variables . error ID  (80)

	error  shift 115
	','  shift 116
	ID  reduce 75
	GOTO  reduce 75
	FOR  reduce 75
	ULONGINT  reduce 75
	DOUBLE  reduce 75
	IF  reduce 75
	END  reduce 75
	OUTF  reduce 75
	TYPEDEF  reduce 75
	RET  reduce 75
	TAG  reduce 75
	';'  reduce 75


state 68
	asignacion : triple_asig ASIGN . expresion_matematica  (83)

	ID  shift 44
	CTE  shift 45
	'+'  shift 47
	'-'  shift 48
	'*'  shift 49
	'/'  shift 50
	.  error

	invoc_fun  goto 51
	expresion_matematica  goto 117
	termino  goto 56
	factor  goto 57
	constante  goto 58
	triple  goto 59


state 69
	declaracion_fun : tipo_fun FUN . ID '(' $$3 lista_parametro ')' $$4 cuerpo_funcion_p  (112)
	declaracion_fun : tipo_fun FUN . '(' lista_parametro ')' $$5 cuerpo_funcion_p  (114)
	declaracion_fun : tipo_fun FUN . ID '(' ')' $$6 cuerpo_funcion_p  (116)

	ID  shift 118
	'('  shift 119
	.  error


state 70
	cuerpo : BEGIN sentencias . ';' END  (7)
	cuerpo : BEGIN sentencias . ';'  (9)
	sentencias : sentencias . ';' sentencia  (12)
	sentencias : sentencias . sentencia  (15)

	ID  shift 7
	GOTO  shift 8
	FOR  shift 9
	ULONGINT  shift 10
	DOUBLE  shift 11
	IF  shift 12
	OUTF  shift 13
	TYPEDEF  shift 14
	TAG  shift 15
	';'  shift 120
	.  error

	sentencia  goto 64
	sentec_declar  goto 18
	sentec_eject  goto 19
	declaracion_var  goto 20
	declaracion_fun  goto 21
	declar_tipo_trip  goto 22
	asignacion  goto 23
	invoc_fun  goto 24
	seleccion  goto 25
	sald_mensaj  goto 26
	for  goto 27
	goto  goto 28
	tipo  goto 29
	triple_asig  goto 30
	tipo_fun  goto 31


state 71
	cuerpo : BEGIN sentencia . END  (8)
	sentencias : sentencia .  (13)

	END  shift 121
	ID  reduce 13
	GOTO  reduce 13
	FOR  reduce 13
	ULONGINT  reduce 13
	DOUBLE  reduce 13
	IF  reduce 13
	OUTF  reduce 13
	TYPEDEF  reduce 13
	TAG  reduce 13
	';'  reduce 13


state 72
	cuerpo : sentencias ';' . END  (10)
	cuerpo : sentencias ';' .  (11)
	sentencias : sentencias ';' . sentencia  (12)

	ID  shift 7
	GOTO  shift 8
	FOR  shift 9
	ULONGINT  shift 10
	DOUBLE  shift 11
	IF  shift 12
	END  shift 122
	OUTF  shift 13
	TYPEDEF  shift 14
	TAG  shift 15
	$end  reduce 11

	sentencia  goto 114
	sentec_declar  goto 18
	sentec_eject  goto 19
	declaracion_var  goto 20
	declaracion_fun  goto 21
	declar_tipo_trip  goto 22
	asignacion  goto 23
	invoc_fun  goto 24
	seleccion  goto 25
	sald_mensaj  goto 26
	for  goto 27
	goto  goto 28
	tipo  goto 29
	triple_asig  goto 30
	tipo_fun  goto 31


state 73
	asignacion : ID ASIGN expresion_matematica .  (84)
	expresion_matematica : expresion_matematica . '+' termino  (85)
	expresion_matematica : expresion_matematica . '-' termino  (86)
	expresion_matematica : expresion_matematica . '+' error ')'  (89)
	expresion_matematica : expresion_matematica . '+' error ';'  (90)
	expresion_matematica : expresion_matematica . '-' error ')'  (91)
	expresion_matematica : expresion_matematica . '-' error ';'  (92)

	'+'  shift 99
	'-'  shift 100
	ID  reduce 84
	GOTO  reduce 84
	FOR  reduce 84
	ULONGINT  reduce 84
	DOUBLE  reduce 84
	IF  reduce 84
	END  reduce 84
	OUTF  reduce 84
	TYPEDEF  reduce 84
	RET  reduce 84
	TAG  reduce 84
	';'  reduce 84


state 74
	invoc_fun : ID '(' ')' .  (134)

	.  reduce 134


state 75
	invoc_fun : ID '(' $$7 . lista_parametro_real ')'  (133)

	ID  shift 44
	CTE  shift 45
	ULONGINT  shift 10
	DOUBLE  shift 11
	'+'  shift 47
	'-'  shift 48
	'*'  shift 49
	'/'  shift 50
	.  error

	invoc_fun  goto 51
	expresion_matematica  goto 123
	tipo  goto 124
	termino  goto 56
	factor  goto 57
	constante  goto 58
	triple  goto 59
	lista_parametro_real  goto 125
	param_real  goto 126


state 76
	expresion_matematica : expresion_matematica . '+' termino  (85)
	expresion_matematica : expresion_matematica . '-' termino  (86)
	expresion_matematica : expresion_matematica . '+' error ')'  (89)
	expresion_matematica : expresion_matematica . '+' error ';'  (90)
	expresion_matematica : expresion_matematica . '-' error ')'  (91)
	expresion_matematica : expresion_matematica . '-' error ';'  (92)
	triple_asig : ID '{' expresion_matematica . '}'  (108)

	'+'  shift 99
	'-'  shift 100
	'}'  shift 127
	.  error


state 77
	declaracion_var : ID $$2 lista_variables .  (77)
	lista_variables : lista_variables . ',' ID  (78)
	lista_variables : lista_variables . error ID  (80)

	error  shift 115
	','  shift 116
	ID  reduce 77
	GOTO  reduce 77
	FOR  reduce 77
	ULONGINT  reduce 77
	DOUBLE  reduce 77
	IF  reduce 77
	END  reduce 77
	OUTF  reduce 77
	TYPEDEF  reduce 77
	RET  reduce 77
	TAG  reduce 77
	';'  reduce 77


state 78
	goto : GOTO error ';' .  (159)

	.  reduce 159


state 79
	asignacion_for : ID . ASIGN CTE  (155)

	ASIGN  shift 128
	.  error


state 80
	for : FOR '(' asignacion_for . ';' condicion_for ';' foravanc CTE ')' cuerpo_iteracion  (144)
	for : FOR '(' asignacion_for . ';' condicion_for foravanc '-' CTE ')' cuerpo_iteracion  (145)
	for : FOR '(' asignacion_for . ';' condicion_for foravanc CTE ')' cuerpo_iteracion  (146)
	for : FOR '(' asignacion_for . condicion_for ';' foravanc CTE ')' cuerpo_iteracion  (147)
	for : FOR '(' asignacion_for . condicion_for foravanc CTE ')' cuerpo_iteracion  (148)
	for : FOR '(' asignacion_for . ';' condicion_for ';' CTE ')' cuerpo_iteracion  (149)
	for : FOR '(' asignacion_for . ';' condicion_for ';' foravanc ')' cuerpo_iteracion  (150)
	for : FOR '(' asignacion_for . ';' condicion_for CTE ')' cuerpo_iteracion  (151)
	for : FOR '(' asignacion_for . ';' condicion_for foravanc ')' cuerpo_iteracion  (152)
	for : FOR '(' asignacion_for . ';' condicion_for ';' ')' cuerpo_iteracion  (153)

	ID  shift 44
	CTE  shift 45
	';'  shift 129
	'('  shift 46
	'+'  shift 47
	'-'  shift 48
	'*'  shift 49
	'/'  shift 50
	.  error

	invoc_fun  goto 51
	condicion  goto 130
	condicion_2  goto 53
	expresion_matematica  goto 54
	termino  goto 56
	factor  goto 57
	constante  goto 58
	triple  goto 59
	condicion_for  goto 131


state 81
	triple : ID '{' . expresion_matematica '}'  (109)

	ID  shift 44
	CTE  shift 45
	'+'  shift 47
	'-'  shift 48
	'*'  shift 49
	'/'  shift 50
	.  error

	invoc_fun  goto 51
	expresion_matematica  goto 132
	termino  goto 56
	factor  goto 57
	constante  goto 58
	triple  goto 59


state 82
	condicion_2 : '(' . patron_izq ')' comparador '(' patron_der ')'  (33)
	condicion_2 : '(' . patron_izq comparador patron_der ')'  (34)
	condicion_2 : '(' . patron_izq ')' comparador patron_der ')'  (35)
	condicion_2 : '(' . patron_izq comparador '(' patron_der ')'  (36)
	condicion_2 : '(' . patron_izq ')' error '(' patron_der ')'  (37)

	ID  shift 44
	CTE  shift 45
	'+'  shift 47
	'-'  shift 48
	'*'  shift 49
	'/'  shift 50
	.  error

	invoc_fun  goto 51
	expresion_matematica  goto 133
	patron_izq  goto 85
	lista_patron_izq  goto 86
	termino  goto 56
	factor  goto 57
	constante  goto 58
	triple  goto 59


state 83
	condicion : '(' condicion_2 . ')'  (28)
	condicion : '(' condicion_2 .  (30)

	')'  shift 134
	CTE  reduce 30
	UP  reduce 30
	DOWN  reduce 30
	THEN  reduce 30
	';'  reduce 30


state 84
	condicion_2 : expresion_matematica . comparador expresion_matematica  (32)
	condicion_2 : expresion_matematica . error expresion_matematica  (38)
	lista_patron_izq : expresion_matematica .  (41)
	expresion_matematica : expresion_matematica . '+' termino  (85)
	expresion_matematica : expresion_matematica . '-' termino  (86)
	expresion_matematica : expresion_matematica . '+' error ')'  (89)
	expresion_matematica : expresion_matematica . '+' error ';'  (90)
	expresion_matematica : expresion_matematica . '-' error ')'  (91)
	expresion_matematica : expresion_matematica . '-' error ';'  (92)

	error  shift 92
	MASI  shift 93
	MENOSI  shift 94
	DIST  shift 95
	'='  shift 96
	'<'  shift 97
	'>'  shift 98
	'+'  shift 99
	'-'  shift 100
	','  reduce 41

	comparador  goto 101


state 85
	condicion_2 : '(' patron_izq . ')' comparador '(' patron_der ')'  (33)
	condicion_2 : '(' patron_izq . comparador patron_der ')'  (34)
	condicion_2 : '(' patron_izq . ')' comparador patron_der ')'  (35)
	condicion_2 : '(' patron_izq . comparador '(' patron_der ')'  (36)
	condicion_2 : '(' patron_izq . ')' error '(' patron_der ')'  (37)

	MASI  shift 93
	MENOSI  shift 94
	DIST  shift 95
	')'  shift 135
	'='  shift 96
	'<'  shift 97
	'>'  shift 98
	.  error

	comparador  goto 136


state 86
	patron_izq : lista_patron_izq . ',' expresion_matematica  (39)
	lista_patron_izq : lista_patron_izq . ',' expresion_matematica  (40)

	','  shift 137
	.  error


state 87
	expresion_matematica : '+' termino .  (88)
	termino : termino . '*' factor  (93)
	termino : termino . '/' factor  (94)
	termino : termino . '/' error ')'  (98)
	termino : termino . '*' error ')'  (99)
	termino : termino . '*' error ';'  (100)
	termino : termino . '/' error ';'  (101)

	'*'  shift 103
	'/'  shift 104
	error  reduce 88
	ID  reduce 88
	CTE  reduce 88
	MASI  reduce 88
	MENOSI  reduce 88
	DIST  reduce 88
	GOTO  reduce 88
	UP  reduce 88
	DOWN  reduce 88
	FOR  reduce 88
	ULONGINT  reduce 88
	DOUBLE  reduce 88
	IF  reduce 88
	THEN  reduce 88
	END  reduce 88
	OUTF  reduce 88
	TYPEDEF  reduce 88
	RET  reduce 88
	TAG  reduce 88
	';'  reduce 88
	')'  reduce 88
	','  reduce 88
	'='  reduce 88
	'<'  reduce 88
	'>'  reduce 88
	'+'  reduce 88
	'-'  reduce 88
	'}'  reduce 88


state 88
	constante : '-' CTE .  (107)

	.  reduce 107


state 89
	termino : '*' factor .  (96)

	.  reduce 96


state 90
	termino : '/' factor .  (97)

	.  reduce 97


state 91
	condicion : condicion_2 ')' .  (31)

	.  reduce 31


state 92
	condicion_2 : expresion_matematica error . expresion_matematica  (38)

	ID  shift 44
	CTE  shift 45
	'+'  shift 47
	'-'  shift 48
	'*'  shift 49
	'/'  shift 50
	.  error

	invoc_fun  goto 51
	expresion_matematica  goto 138
	termino  goto 56
	factor  goto 57
	constante  goto 58
	triple  goto 59


state 93
	comparador : MASI .  (56)

	.  reduce 56


state 94
	comparador : MENOSI .  (57)

	.  reduce 57


state 95
	comparador : DIST .  (58)

	.  reduce 58


state 96
	comparador : '=' .  (59)

	.  reduce 59


state 97
	comparador : '<' .  (60)

	.  reduce 60


state 98
	comparador : '>' .  (61)

	.  reduce 61


state 99
	expresion_matematica : expresion_matematica '+' . termino  (85)
	expresion_matematica : expresion_matematica '+' . error ')'  (89)
	expresion_matematica : expresion_matematica '+' . error ';'  (90)

	error  shift 139
	ID  shift 44
	CTE  shift 45
	'-'  shift 48
	'*'  shift 49
	'/'  shift 50
	.  error

	invoc_fun  goto 51
	termino  goto 140
	factor  goto 57
	constante  goto 58
	triple  goto 59


state 100
	expresion_matematica : expresion_matematica '-' . termino  (86)
	expresion_matematica : expresion_matematica '-' . error ')'  (91)
	expresion_matematica : expresion_matematica '-' . error ';'  (92)

	error  shift 141
	ID  shift 44
	CTE  shift 45
	'-'  shift 48
	'*'  shift 49
	'/'  shift 50
	.  error

	invoc_fun  goto 51
	termino  goto 142
	factor  goto 57
	constante  goto 58
	triple  goto 59


state 101
	condicion_2 : expresion_matematica comparador . expresion_matematica  (32)

	ID  shift 44
	CTE  shift 45
	'+'  shift 47
	'-'  shift 48
	'*'  shift 49
	'/'  shift 50
	.  error

	invoc_fun  goto 51
	expresion_matematica  goto 143
	termino  goto 56
	factor  goto 57
	constante  goto 58
	triple  goto 59


state 102
	seleccion : IF condicion_punto_control THEN . cuerpo_control sinelse_punto_control  (45)
	seleccion : IF condicion_punto_control THEN . cuerpo_control else_punto_control cuerpo_control endif_punto_control  (46)
	seleccion : IF condicion_punto_control THEN . cuerpo_control  (47)
	seleccion : IF condicion_punto_control THEN . else_punto_control  (48)
	seleccion : IF condicion_punto_control THEN . sinelse_punto_control  (49)
	seleccion : IF condicion_punto_control THEN . cuerpo_control else_punto_control endif_punto_control  (50)
	seleccion : IF condicion_punto_control THEN . else_punto_control endif_punto_control  (51)

	ID  shift 144
	GOTO  shift 8
	FOR  shift 9
	IF  shift 12
	ELSE  shift 145
	BEGIN  shift 146
	END_IF  shift 147
	OUTF  shift 13
	.  error

	sentec_eject  goto 148
	asignacion  goto 23
	invoc_fun  goto 24
	seleccion  goto 25
	sald_mensaj  goto 26
	for  goto 27
	goto  goto 28
	cuerpo_control  goto 149
	sinelse_punto_control  goto 150
	else_punto_control  goto 151
	triple_asig  goto 30


state 103
	termino : termino '*' . factor  (93)
	termino : termino '*' . error ')'  (99)
	termino : termino '*' . error ';'  (100)

	error  shift 152
	ID  shift 44
	CTE  shift 45
	'-'  shift 48
	.  error

	invoc_fun  goto 51
	factor  goto 153
	constante  goto 58
	triple  goto 59


state 104
	termino : termino '/' . factor  (94)
	termino : termino '/' . error ')'  (98)
	termino : termino '/' . error ';'  (101)

	error  shift 154
	ID  shift 44
	CTE  shift 45
	'-'  shift 48
	.  error

	invoc_fun  goto 51
	factor  goto 155
	constante  goto 58
	triple  goto 59


state 105
	sald_mensaj : OUTF '(' error . ')'  (141)

	')'  shift 156
	.  error


state 106
	mensaje : CADMUL .  (143)

	.  reduce 143


state 107
	sald_mensaj : OUTF '(' ')' .  (140)

	.  reduce 140


state 108
	expresion_matematica : expresion_matematica . '+' termino  (85)
	expresion_matematica : expresion_matematica . '-' termino  (86)
	expresion_matematica : expresion_matematica . '+' error ')'  (89)
	expresion_matematica : expresion_matematica . '+' error ';'  (90)
	expresion_matematica : expresion_matematica . '-' error ')'  (91)
	expresion_matematica : expresion_matematica . '-' error ';'  (92)
	mensaje : expresion_matematica .  (142)

	'+'  shift 99
	'-'  shift 100
	')'  reduce 142


state 109
	sald_mensaj : OUTF '(' mensaje . ')'  (139)

	')'  shift 157
	.  error


state 110
	declar_tipo_trip : TYPEDEF TRIPLE '<' . tipo '>' ID  (160)
	declar_tipo_trip : TYPEDEF TRIPLE '<' . tipo ID  (162)
	declar_tipo_trip : TYPEDEF TRIPLE '<' . tipo '>' error ';'  (165)

	ULONGINT  shift 10
	DOUBLE  shift 11
	.  error

	tipo  goto 158


state 111
	declar_tipo_trip : TYPEDEF TRIPLE tipo . '>' ID  (161)
	declar_tipo_trip : TYPEDEF TRIPLE tipo . ID  (163)

	ID  shift 159
	'>'  shift 160
	.  error


state 112
	declar_tipo_trip : TYPEDEF '<' tipo . '>' ID  (164)

	'>'  shift 161
	.  error


state 113
	cuerpo_error : BEGIN sentencias ';' END .  (4)

	.  reduce 4


state 114
	sentencias : sentencias ';' sentencia .  (12)

	.  reduce 12


state 115
	lista_variables : lista_variables error . ID  (80)

	ID  shift 162
	.  error


state 116
	lista_variables : lista_variables ',' . ID  (78)

	ID  shift 163
	.  error


state 117
	asignacion : triple_asig ASIGN expresion_matematica .  (83)
	expresion_matematica : expresion_matematica . '+' termino  (85)
	expresion_matematica : expresion_matematica . '-' termino  (86)
	expresion_matematica : expresion_matematica . '+' error ')'  (89)
	expresion_matematica : expresion_matematica . '+' error ';'  (90)
	expresion_matematica : expresion_matematica . '-' error ')'  (91)
	expresion_matematica : expresion_matematica . '-' error ';'  (92)

	'+'  shift 99
	'-'  shift 100
	ID  reduce 83
	GOTO  reduce 83
	FOR  reduce 83
	ULONGINT  reduce 83
	DOUBLE  reduce 83
	IF  reduce 83
	END  reduce 83
	OUTF  reduce 83
	TYPEDEF  reduce 83
	RET  reduce 83
	TAG  reduce 83
	';'  reduce 83


state 118
	declaracion_fun : tipo_fun FUN ID . '(' $$3 lista_parametro ')' $$4 cuerpo_funcion_p  (112)
	declaracion_fun : tipo_fun FUN ID . '(' ')' $$6 cuerpo_funcion_p  (116)

	'('  shift 164
	.  error


state 119
	declaracion_fun : tipo_fun FUN '(' . lista_parametro ')' $$5 cuerpo_funcion_p  (114)

	ID  shift 165
	ULONGINT  shift 10
	DOUBLE  shift 11
	.  error

	tipo  goto 166
	lista_parametro  goto 167
	parametro  goto 168


state 120
	cuerpo : BEGIN sentencias ';' . END  (7)
	cuerpo : BEGIN sentencias ';' .  (9)
	sentencias : sentencias ';' . sentencia  (12)

	ID  shift 7
	GOTO  shift 8
	FOR  shift 9
	ULONGINT  shift 10
	DOUBLE  shift 11
	IF  shift 12
	END  shift 169
	OUTF  shift 13
	TYPEDEF  shift 14
	TAG  shift 15
	$end  reduce 9

	sentencia  goto 114
	sentec_declar  goto 18
	sentec_eject  goto 19
	declaracion_var  goto 20
	declaracion_fun  goto 21
	declar_tipo_trip  goto 22
	asignacion  goto 23
	invoc_fun  goto 24
	seleccion  goto 25
	sald_mensaj  goto 26
	for  goto 27
	goto  goto 28
	tipo  goto 29
	triple_asig  goto 30
	tipo_fun  goto 31


state 121
	cuerpo : BEGIN sentencia END .  (8)

	.  reduce 8


state 122
	cuerpo : sentencias ';' END .  (10)

	.  reduce 10


state 123
	expresion_matematica : expresion_matematica . '+' termino  (85)
	expresion_matematica : expresion_matematica . '-' termino  (86)
	expresion_matematica : expresion_matematica . '+' error ')'  (89)
	expresion_matematica : expresion_matematica . '+' error ';'  (90)
	expresion_matematica : expresion_matematica . '-' error ')'  (91)
	expresion_matematica : expresion_matematica . '-' error ';'  (92)
	param_real : expresion_matematica .  (137)

	'+'  shift 99
	'-'  shift 100
	')'  reduce 137
	','  reduce 137


state 124
	param_real : tipo . ID  (138)

	ID  shift 170
	.  error


state 125
	invoc_fun : ID '(' $$7 lista_parametro_real . ')'  (133)
	lista_parametro_real : lista_parametro_real . ',' param_real  (135)

	')'  shift 171
	','  shift 172
	.  error


state 126
	lista_parametro_real : param_real .  (136)

	.  reduce 136


state 127
	triple_asig : ID '{' expresion_matematica '}' .  (108)

	.  reduce 108


state 128
	asignacion_for : ID ASIGN . CTE  (155)

	CTE  shift 173
	.  error


state 129
	for : FOR '(' asignacion_for ';' . condicion_for ';' foravanc CTE ')' cuerpo_iteracion  (144)
	for : FOR '(' asignacion_for ';' . condicion_for foravanc '-' CTE ')' cuerpo_iteracion  (145)
	for : FOR '(' asignacion_for ';' . condicion_for foravanc CTE ')' cuerpo_iteracion  (146)
	for : FOR '(' asignacion_for ';' . condicion_for ';' CTE ')' cuerpo_iteracion  (149)
	for : FOR '(' asignacion_for ';' . condicion_for ';' foravanc ')' cuerpo_iteracion  (150)
	for : FOR '(' asignacion_for ';' . condicion_for CTE ')' cuerpo_iteracion  (151)
	for : FOR '(' asignacion_for ';' . condicion_for foravanc ')' cuerpo_iteracion  (152)
	for : FOR '(' asignacion_for ';' . condicion_for ';' ')' cuerpo_iteracion  (153)

	ID  shift 44
	CTE  shift 45
	'('  shift 46
	'+'  shift 47
	'-'  shift 48
	'*'  shift 49
	'/'  shift 50
	.  error

	invoc_fun  goto 51
	condicion  goto 130
	condicion_2  goto 53
	expresion_matematica  goto 54
	termino  goto 56
	factor  goto 57
	constante  goto 58
	triple  goto 59
	condicion_for  goto 174


state 130
	condicion_for : condicion .  (154)

	.  reduce 154


state 131
	for : FOR '(' asignacion_for condicion_for . ';' foravanc CTE ')' cuerpo_iteracion  (147)
	for : FOR '(' asignacion_for condicion_for . foravanc CTE ')' cuerpo_iteracion  (148)

	UP  shift 175
	DOWN  shift 176
	';'  shift 177
	.  error

	foravanc  goto 178


state 132
	expresion_matematica : expresion_matematica . '+' termino  (85)
	expresion_matematica : expresion_matematica . '-' termino  (86)
	expresion_matematica : expresion_matematica . '+' error ')'  (89)
	expresion_matematica : expresion_matematica . '+' error ';'  (90)
	expresion_matematica : expresion_matematica . '-' error ')'  (91)
	expresion_matematica : expresion_matematica . '-' error ';'  (92)
	triple : ID '{' expresion_matematica . '}'  (109)

	'+'  shift 99
	'-'  shift 100
	'}'  shift 179
	.  error


state 133
	lista_patron_izq : expresion_matematica .  (41)
	expresion_matematica : expresion_matematica . '+' termino  (85)
	expresion_matematica : expresion_matematica . '-' termino  (86)
	expresion_matematica : expresion_matematica . '+' error ')'  (89)
	expresion_matematica : expresion_matematica . '+' error ';'  (90)
	expresion_matematica : expresion_matematica . '-' error ')'  (91)
	expresion_matematica : expresion_matematica . '-' error ';'  (92)

	'+'  shift 99
	'-'  shift 100
	','  reduce 41


state 134
	condicion : '(' condicion_2 ')' .  (28)

	.  reduce 28


state 135
	condicion_2 : '(' patron_izq ')' . comparador '(' patron_der ')'  (33)
	condicion_2 : '(' patron_izq ')' . comparador patron_der ')'  (35)
	condicion_2 : '(' patron_izq ')' . error '(' patron_der ')'  (37)

	error  shift 180
	MASI  shift 93
	MENOSI  shift 94
	DIST  shift 95
	'='  shift 96
	'<'  shift 97
	'>'  shift 98
	.  error

	comparador  goto 181


state 136
	condicion_2 : '(' patron_izq comparador . patron_der ')'  (34)
	condicion_2 : '(' patron_izq comparador . '(' patron_der ')'  (36)

	ID  shift 44
	CTE  shift 45
	'('  shift 182
	'+'  shift 47
	'-'  shift 48
	'*'  shift 49
	'/'  shift 50
	.  error

	invoc_fun  goto 51
	expresion_matematica  goto 183
	patron_der  goto 184
	lista_patron_der  goto 185
	termino  goto 56
	factor  goto 57
	constante  goto 58
	triple  goto 59


state 137
	patron_izq : lista_patron_izq ',' . expresion_matematica  (39)
	lista_patron_izq : lista_patron_izq ',' . expresion_matematica  (40)

	ID  shift 44
	CTE  shift 45
	'+'  shift 47
	'-'  shift 48
	'*'  shift 49
	'/'  shift 50
	.  error

	invoc_fun  goto 51
	expresion_matematica  goto 186
	termino  goto 56
	factor  goto 57
	constante  goto 58
	triple  goto 59


state 138
	condicion_2 : expresion_matematica error expresion_matematica .  (38)
	expresion_matematica : expresion_matematica . '+' termino  (85)
	expresion_matematica : expresion_matematica . '-' termino  (86)
	expresion_matematica : expresion_matematica . '+' error ')'  (89)
	expresion_matematica : expresion_matematica . '+' error ';'  (90)
	expresion_matematica : expresion_matematica . '-' error ')'  (91)
	expresion_matematica : expresion_matematica . '-' error ';'  (92)

	'+'  shift 99
	'-'  shift 100
	CTE  reduce 38
	UP  reduce 38
	DOWN  reduce 38
	THEN  reduce 38
	';'  reduce 38
	')'  reduce 38


state 139
	expresion_matematica : expresion_matematica '+' error . ')'  (89)
	expresion_matematica : expresion_matematica '+' error . ';'  (90)

	';'  shift 187
	')'  shift 188
	.  error


state 140
	expresion_matematica : expresion_matematica '+' termino .  (85)
	termino : termino . '*' factor  (93)
	termino : termino . '/' factor  (94)
	termino : termino . '/' error ')'  (98)
	termino : termino . '*' error ')'  (99)
	termino : termino . '*' error ';'  (100)
	termino : termino . '/' error ';'  (101)

	'*'  shift 103
	'/'  shift 104
	error  reduce 85
	ID  reduce 85
	CTE  reduce 85
	MASI  reduce 85
	MENOSI  reduce 85
	DIST  reduce 85
	GOTO  reduce 85
	UP  reduce 85
	DOWN  reduce 85
	FOR  reduce 85
	ULONGINT  reduce 85
	DOUBLE  reduce 85
	IF  reduce 85
	THEN  reduce 85
	END  reduce 85
	OUTF  reduce 85
	TYPEDEF  reduce 85
	RET  reduce 85
	TAG  reduce 85
	';'  reduce 85
	')'  reduce 85
	','  reduce 85
	'='  reduce 85
	'<'  reduce 85
	'>'  reduce 85
	'+'  reduce 85
	'-'  reduce 85
	'}'  reduce 85


state 141
	expresion_matematica : expresion_matematica '-' error . ')'  (91)
	expresion_matematica : expresion_matematica '-' error . ';'  (92)

	';'  shift 189
	')'  shift 190
	.  error


state 142
	expresion_matematica : expresion_matematica '-' termino .  (86)
	termino : termino . '*' factor  (93)
	termino : termino . '/' factor  (94)
	termino : termino . '/' error ')'  (98)
	termino : termino . '*' error ')'  (99)
	termino : termino . '*' error ';'  (100)
	termino : termino . '/' error ';'  (101)

	'*'  shift 103
	'/'  shift 104
	error  reduce 86
	ID  reduce 86
	CTE  reduce 86
	MASI  reduce 86
	MENOSI  reduce 86
	DIST  reduce 86
	GOTO  reduce 86
	UP  reduce 86
	DOWN  reduce 86
	FOR  reduce 86
	ULONGINT  reduce 86
	DOUBLE  reduce 86
	IF  reduce 86
	THEN  reduce 86
	END  reduce 86
	OUTF  reduce 86
	TYPEDEF  reduce 86
	RET  reduce 86
	TAG  reduce 86
	';'  reduce 86
	')'  reduce 86
	','  reduce 86
	'='  reduce 86
	'<'  reduce 86
	'>'  reduce 86
	'+'  reduce 86
	'-'  reduce 86
	'}'  reduce 86


state 143
	condicion_2 : expresion_matematica comparador expresion_matematica .  (32)
	expresion_matematica : expresion_matematica . '+' termino  (85)
	expresion_matematica : expresion_matematica . '-' termino  (86)
	expresion_matematica : expresion_matematica . '+' error ')'  (89)
	expresion_matematica : expresion_matematica . '+' error ';'  (90)
	expresion_matematica : expresion_matematica . '-' error ')'  (91)
	expresion_matematica : expresion_matematica . '-' error ';'  (92)

	'+'  shift 99
	'-'  shift 100
	CTE  reduce 32
	UP  reduce 32
	DOWN  reduce 32
	THEN  reduce 32
	';'  reduce 32
	')'  reduce 32


state 144
	asignacion : ID . ASIGN expresion_matematica  (84)
	triple_asig : ID . '{' expresion_matematica '}'  (108)
	invoc_fun : ID . '(' $$7 lista_parametro_real ')'  (133)
	invoc_fun : ID . '(' ')'  (134)

	ASIGN  shift 37
	'('  shift 38
	'{'  shift 39
	.  error


state 145
	else_punto_control : ELSE .  (54)

	.  reduce 54


state 146
	cuerpo_control : BEGIN . multip_cuerp_fun ';' END  (62)
	cuerpo_control : BEGIN . ';' END  (64)
	cuerpo_control : BEGIN . END  (65)
	cuerpo_control : BEGIN . multip_cuerp_fun END  (66)

	ID  shift 144
	GOTO  shift 8
	FOR  shift 9
	IF  shift 12
	END  shift 191
	OUTF  shift 13
	';'  shift 192
	.  error

	sentec_eject  goto 193
	asignacion  goto 23
	invoc_fun  goto 24
	seleccion  goto 25
	sald_mensaj  goto 26
	for  goto 27
	goto  goto 28
	multip_cuerp_fun  goto 194
	triple_asig  goto 30


state 147
	sinelse_punto_control : END_IF .  (52)

	.  reduce 52


state 148
	cuerpo_control : sentec_eject . ';'  (63)

	';'  shift 195
	.  error


state 149
	seleccion : IF condicion_punto_control THEN cuerpo_control . sinelse_punto_control  (45)
	seleccion : IF condicion_punto_control THEN cuerpo_control . else_punto_control cuerpo_control endif_punto_control  (46)
	seleccion : IF condicion_punto_control THEN cuerpo_control .  (47)
	seleccion : IF condicion_punto_control THEN cuerpo_control . else_punto_control endif_punto_control  (50)

	ELSE  shift 145
	END_IF  shift 147
	ID  reduce 47
	GOTO  reduce 47
	FOR  reduce 47
	ULONGINT  reduce 47
	DOUBLE  reduce 47
	IF  reduce 47
	END  reduce 47
	OUTF  reduce 47
	TYPEDEF  reduce 47
	RET  reduce 47
	TAG  reduce 47
	';'  reduce 47

	sinelse_punto_control  goto 196
	else_punto_control  goto 197


state 150
	seleccion : IF condicion_punto_control THEN sinelse_punto_control .  (49)

	.  reduce 49


state 151
	seleccion : IF condicion_punto_control THEN else_punto_control .  (48)
	seleccion : IF condicion_punto_control THEN else_punto_control . endif_punto_control  (51)

	END_IF  shift 198
	ID  reduce 48
	GOTO  reduce 48
	FOR  reduce 48
	ULONGINT  reduce 48
	DOUBLE  reduce 48
	IF  reduce 48
	END  reduce 48
	OUTF  reduce 48
	TYPEDEF  reduce 48
	RET  reduce 48
	TAG  reduce 48
	';'  reduce 48

	endif_punto_control  goto 199


state 152
	termino : termino '*' error . ')'  (99)
	termino : termino '*' error . ';'  (100)

	';'  shift 200
	')'  shift 201
	.  error


state 153
	termino : termino '*' factor .  (93)

	.  reduce 93


state 154
	termino : termino '/' error . ')'  (98)
	termino : termino '/' error . ';'  (101)

	';'  shift 202
	')'  shift 203
	.  error


state 155
	termino : termino '/' factor .  (94)

	.  reduce 94


state 156
	sald_mensaj : OUTF '(' error ')' .  (141)

	.  reduce 141


state 157
	sald_mensaj : OUTF '(' mensaje ')' .  (139)

	.  reduce 139


state 158
	declar_tipo_trip : TYPEDEF TRIPLE '<' tipo . '>' ID  (160)
	declar_tipo_trip : TYPEDEF TRIPLE '<' tipo . ID  (162)
	declar_tipo_trip : TYPEDEF TRIPLE '<' tipo . '>' error ';'  (165)

	ID  shift 204
	'>'  shift 205
	.  error


state 159
	declar_tipo_trip : TYPEDEF TRIPLE tipo ID .  (163)

	.  reduce 163


state 160
	declar_tipo_trip : TYPEDEF TRIPLE tipo '>' . ID  (161)

	ID  shift 206
	.  error


state 161
	declar_tipo_trip : TYPEDEF '<' tipo '>' . ID  (164)

	ID  shift 207
	.  error


state 162
	lista_variables : lista_variables error ID .  (80)

	.  reduce 80


state 163
	lista_variables : lista_variables ',' ID .  (78)

	.  reduce 78


state 164
	declaracion_fun : tipo_fun FUN ID '(' . $$3 lista_parametro ')' $$4 cuerpo_funcion_p  (112)
	declaracion_fun : tipo_fun FUN ID '(' . ')' $$6 cuerpo_funcion_p  (116)
	$$3 : .  (110)

	')'  shift 208
	ID  reduce 110
	ULONGINT  reduce 110
	DOUBLE  reduce 110

	$$3  goto 209


state 165
	parametro : ID . ID  (122)
	parametro : ID .  (124)

	ID  shift 210
	')'  reduce 124
	','  reduce 124


state 166
	parametro : tipo . ID  (121)
	parametro : tipo .  (123)

	ID  shift 211
	')'  reduce 123
	','  reduce 123


state 167
	declaracion_fun : tipo_fun FUN '(' lista_parametro . ')' $$5 cuerpo_funcion_p  (114)
	lista_parametro : lista_parametro . ',' parametro  (119)

	')'  shift 212
	','  shift 213
	.  error


state 168
	lista_parametro : parametro .  (120)

	.  reduce 120


state 169
	cuerpo : BEGIN sentencias ';' END .  (7)

	.  reduce 7


state 170
	param_real : tipo ID .  (138)

	.  reduce 138


state 171
	invoc_fun : ID '(' $$7 lista_parametro_real ')' .  (133)

	.  reduce 133


state 172
	lista_parametro_real : lista_parametro_real ',' . param_real  (135)

	ID  shift 44
	CTE  shift 45
	ULONGINT  shift 10
	DOUBLE  shift 11
	'+'  shift 47
	'-'  shift 48
	'*'  shift 49
	'/'  shift 50
	.  error

	invoc_fun  goto 51
	expresion_matematica  goto 123
	tipo  goto 124
	termino  goto 56
	factor  goto 57
	constante  goto 58
	triple  goto 59
	param_real  goto 214


state 173
	asignacion_for : ID ASIGN CTE .  (155)

	.  reduce 155


state 174
	for : FOR '(' asignacion_for ';' condicion_for . ';' foravanc CTE ')' cuerpo_iteracion  (144)
	for : FOR '(' asignacion_for ';' condicion_for . foravanc '-' CTE ')' cuerpo_iteracion  (145)
	for : FOR '(' asignacion_for ';' condicion_for . foravanc CTE ')' cuerpo_iteracion  (146)
	for : FOR '(' asignacion_for ';' condicion_for . ';' CTE ')' cuerpo_iteracion  (149)
	for : FOR '(' asignacion_for ';' condicion_for . ';' foravanc ')' cuerpo_iteracion  (150)
	for : FOR '(' asignacion_for ';' condicion_for . CTE ')' cuerpo_iteracion  (151)
	for : FOR '(' asignacion_for ';' condicion_for . foravanc ')' cuerpo_iteracion  (152)
	for : FOR '(' asignacion_for ';' condicion_for . ';' ')' cuerpo_iteracion  (153)

	CTE  shift 215
	UP  shift 175
	DOWN  shift 176
	';'  shift 216
	.  error

	foravanc  goto 217


state 175
	foravanc : UP .  (156)

	.  reduce 156


state 176
	foravanc : DOWN .  (157)

	.  reduce 157


state 177
	for : FOR '(' asignacion_for condicion_for ';' . foravanc CTE ')' cuerpo_iteracion  (147)

	UP  shift 175
	DOWN  shift 176
	.  error

	foravanc  goto 218


state 178
	for : FOR '(' asignacion_for condicion_for foravanc . CTE ')' cuerpo_iteracion  (148)

	CTE  shift 219
	.  error


state 179
	triple : ID '{' expresion_matematica '}' .  (109)

	.  reduce 109


state 180
	condicion_2 : '(' patron_izq ')' error . '(' patron_der ')'  (37)

	'('  shift 220
	.  error


state 181
	condicion_2 : '(' patron_izq ')' comparador . '(' patron_der ')'  (33)
	condicion_2 : '(' patron_izq ')' comparador . patron_der ')'  (35)

	ID  shift 44
	CTE  shift 45
	'('  shift 221
	'+'  shift 47
	'-'  shift 48
	'*'  shift 49
	'/'  shift 50
	.  error

	invoc_fun  goto 51
	expresion_matematica  goto 183
	patron_der  goto 222
	lista_patron_der  goto 185
	termino  goto 56
	factor  goto 57
	constante  goto 58
	triple  goto 59


state 182
	condicion_2 : '(' patron_izq comparador '(' . patron_der ')'  (36)

	ID  shift 44
	CTE  shift 45
	'+'  shift 47
	'-'  shift 48
	'*'  shift 49
	'/'  shift 50
	.  error

	invoc_fun  goto 51
	expresion_matematica  goto 183
	patron_der  goto 223
	lista_patron_der  goto 185
	termino  goto 56
	factor  goto 57
	constante  goto 58
	triple  goto 59


state 183
	lista_patron_der : expresion_matematica .  (44)
	expresion_matematica : expresion_matematica . '+' termino  (85)
	expresion_matematica : expresion_matematica . '-' termino  (86)
	expresion_matematica : expresion_matematica . '+' error ')'  (89)
	expresion_matematica : expresion_matematica . '+' error ';'  (90)
	expresion_matematica : expresion_matematica . '-' error ')'  (91)
	expresion_matematica : expresion_matematica . '-' error ';'  (92)

	'+'  shift 99
	'-'  shift 100
	','  reduce 44


state 184
	condicion_2 : '(' patron_izq comparador patron_der . ')'  (34)

	')'  shift 224
	.  error


state 185
	patron_der : lista_patron_der . ',' expresion_matematica  (42)
	lista_patron_der : lista_patron_der . ',' expresion_matematica  (43)

	','  shift 225
	.  error


state 186
	patron_izq : lista_patron_izq ',' expresion_matematica .  (39)
	lista_patron_izq : lista_patron_izq ',' expresion_matematica .  (40)
	expresion_matematica : expresion_matematica . '+' termino  (85)
	expresion_matematica : expresion_matematica . '-' termino  (86)
	expresion_matematica : expresion_matematica . '+' error ')'  (89)
	expresion_matematica : expresion_matematica . '+' error ';'  (90)
	expresion_matematica : expresion_matematica . '-' error ')'  (91)
	expresion_matematica : expresion_matematica . '-' error ';'  (92)

	'+'  shift 99
	'-'  shift 100
	MASI  reduce 39
	MENOSI  reduce 39
	DIST  reduce 39
	')'  reduce 39
	','  reduce 40
	'='  reduce 39
	'<'  reduce 39
	'>'  reduce 39


state 187
	expresion_matematica : expresion_matematica '+' error ';' .  (90)

	.  reduce 90


state 188
	expresion_matematica : expresion_matematica '+' error ')' .  (89)

	.  reduce 89


state 189
	expresion_matematica : expresion_matematica '-' error ';' .  (92)

	.  reduce 92


state 190
	expresion_matematica : expresion_matematica '-' error ')' .  (91)

	.  reduce 91


state 191
	cuerpo_control : BEGIN END .  (65)

	.  reduce 65


state 192
	cuerpo_control : BEGIN ';' . END  (64)

	END  shift 226
	.  error


state 193
	multip_cuerp_fun : sentec_eject .  (73)

	.  reduce 73


state 194
	cuerpo_control : BEGIN multip_cuerp_fun . ';' END  (62)
	cuerpo_control : BEGIN multip_cuerp_fun . END  (66)
	multip_cuerp_fun : multip_cuerp_fun . ';' sentec_eject  (72)
	multip_cuerp_fun : multip_cuerp_fun . sentec_eject  (74)

	ID  shift 144
	GOTO  shift 8
	FOR  shift 9
	IF  shift 12
	END  shift 227
	OUTF  shift 13
	';'  shift 228
	.  error

	sentec_eject  goto 229
	asignacion  goto 23
	invoc_fun  goto 24
	seleccion  goto 25
	sald_mensaj  goto 26
	for  goto 27
	goto  goto 28
	triple_asig  goto 30


state 195
	cuerpo_control : sentec_eject ';' .  (63)

	.  reduce 63


state 196
	seleccion : IF condicion_punto_control THEN cuerpo_control sinelse_punto_control .  (45)

	.  reduce 45


state 197
	seleccion : IF condicion_punto_control THEN cuerpo_control else_punto_control . cuerpo_control endif_punto_control  (46)
	seleccion : IF condicion_punto_control THEN cuerpo_control else_punto_control . endif_punto_control  (50)

	ID  shift 144
	GOTO  shift 8
	FOR  shift 9
	IF  shift 12
	BEGIN  shift 146
	END_IF  shift 198
	OUTF  shift 13
	.  error

	sentec_eject  goto 148
	asignacion  goto 23
	invoc_fun  goto 24
	seleccion  goto 25
	sald_mensaj  goto 26
	for  goto 27
	goto  goto 28
	cuerpo_control  goto 230
	endif_punto_control  goto 231
	triple_asig  goto 30


state 198
	endif_punto_control : END_IF .  (55)

	.  reduce 55


state 199
	seleccion : IF condicion_punto_control THEN else_punto_control endif_punto_control .  (51)

	.  reduce 51


state 200
	termino : termino '*' error ';' .  (100)

	.  reduce 100


state 201
	termino : termino '*' error ')' .  (99)

	.  reduce 99


state 202
	termino : termino '/' error ';' .  (101)

	.  reduce 101


state 203
	termino : termino '/' error ')' .  (98)

	.  reduce 98


state 204
	declar_tipo_trip : TYPEDEF TRIPLE '<' tipo ID .  (162)

	.  reduce 162


state 205
	declar_tipo_trip : TYPEDEF TRIPLE '<' tipo '>' . ID  (160)
	declar_tipo_trip : TYPEDEF TRIPLE '<' tipo '>' . error ';'  (165)

	error  shift 232
	ID  shift 233
	.  error


state 206
	declar_tipo_trip : TYPEDEF TRIPLE tipo '>' ID .  (161)

	.  reduce 161


state 207
	declar_tipo_trip : TYPEDEF '<' tipo '>' ID .  (164)

	.  reduce 164


state 208
	declaracion_fun : tipo_fun FUN ID '(' ')' . $$6 cuerpo_funcion_p  (116)
	$$6 : .  (115)

	.  reduce 115

	$$6  goto 234


state 209
	declaracion_fun : tipo_fun FUN ID '(' $$3 . lista_parametro ')' $$4 cuerpo_funcion_p  (112)

	ID  shift 165
	ULONGINT  shift 10
	DOUBLE  shift 11
	.  error

	tipo  goto 166
	lista_parametro  goto 235
	parametro  goto 168


state 210
	parametro : ID ID .  (122)

	.  reduce 122


state 211
	parametro : tipo ID .  (121)

	.  reduce 121


state 212
	declaracion_fun : tipo_fun FUN '(' lista_parametro ')' . $$5 cuerpo_funcion_p  (114)
	$$5 : .  (113)

	.  reduce 113

	$$5  goto 236


state 213
	lista_parametro : lista_parametro ',' . parametro  (119)

	ID  shift 165
	ULONGINT  shift 10
	DOUBLE  shift 11
	.  error

	tipo  goto 166
	parametro  goto 237


state 214
	lista_parametro_real : lista_parametro_real ',' param_real .  (135)

	.  reduce 135


state 215
	for : FOR '(' asignacion_for ';' condicion_for CTE . ')' cuerpo_iteracion  (151)

	')'  shift 238
	.  error


state 216
	for : FOR '(' asignacion_for ';' condicion_for ';' . foravanc CTE ')' cuerpo_iteracion  (144)
	for : FOR '(' asignacion_for ';' condicion_for ';' . CTE ')' cuerpo_iteracion  (149)
	for : FOR '(' asignacion_for ';' condicion_for ';' . foravanc ')' cuerpo_iteracion  (150)
	for : FOR '(' asignacion_for ';' condicion_for ';' . ')' cuerpo_iteracion  (153)

	CTE  shift 239
	UP  shift 175
	DOWN  shift 176
	')'  shift 240
	.  error

	foravanc  goto 241


state 217
	for : FOR '(' asignacion_for ';' condicion_for foravanc . '-' CTE ')' cuerpo_iteracion  (145)
	for : FOR '(' asignacion_for ';' condicion_for foravanc . CTE ')' cuerpo_iteracion  (146)
	for : FOR '(' asignacion_for ';' condicion_for foravanc . ')' cuerpo_iteracion  (152)

	CTE  shift 242
	')'  shift 243
	'-'  shift 244
	.  error


state 218
	for : FOR '(' asignacion_for condicion_for ';' foravanc . CTE ')' cuerpo_iteracion  (147)

	CTE  shift 245
	.  error


state 219
	for : FOR '(' asignacion_for condicion_for foravanc CTE . ')' cuerpo_iteracion  (148)

	')'  shift 246
	.  error


state 220
	condicion_2 : '(' patron_izq ')' error '(' . patron_der ')'  (37)

	ID  shift 44
	CTE  shift 45
	'+'  shift 47
	'-'  shift 48
	'*'  shift 49
	'/'  shift 50
	.  error

	invoc_fun  goto 51
	expresion_matematica  goto 183
	patron_der  goto 247
	lista_patron_der  goto 185
	termino  goto 56
	factor  goto 57
	constante  goto 58
	triple  goto 59


state 221
	condicion_2 : '(' patron_izq ')' comparador '(' . patron_der ')'  (33)

	ID  shift 44
	CTE  shift 45
	'+'  shift 47
	'-'  shift 48
	'*'  shift 49
	'/'  shift 50
	.  error

	invoc_fun  goto 51
	expresion_matematica  goto 183
	patron_der  goto 248
	lista_patron_der  goto 185
	termino  goto 56
	factor  goto 57
	constante  goto 58
	triple  goto 59


state 222
	condicion_2 : '(' patron_izq ')' comparador patron_der . ')'  (35)

	')'  shift 249
	.  error


state 223
	condicion_2 : '(' patron_izq comparador '(' patron_der . ')'  (36)

	')'  shift 250
	.  error


state 224
	condicion_2 : '(' patron_izq comparador patron_der ')' .  (34)

	.  reduce 34


state 225
	patron_der : lista_patron_der ',' . expresion_matematica  (42)
	lista_patron_der : lista_patron_der ',' . expresion_matematica  (43)

	ID  shift 44
	CTE  shift 45
	'+'  shift 47
	'-'  shift 48
	'*'  shift 49
	'/'  shift 50
	.  error

	invoc_fun  goto 51
	expresion_matematica  goto 251
	termino  goto 56
	factor  goto 57
	constante  goto 58
	triple  goto 59


state 226
	cuerpo_control : BEGIN ';' END .  (64)

	.  reduce 64


state 227
	cuerpo_control : BEGIN multip_cuerp_fun END .  (66)

	.  reduce 66


state 228
	cuerpo_control : BEGIN multip_cuerp_fun ';' . END  (62)
	multip_cuerp_fun : multip_cuerp_fun ';' . sentec_eject  (72)

	ID  shift 144
	GOTO  shift 8
	FOR  shift 9
	IF  shift 12
	END  shift 252
	OUTF  shift 13
	.  error

	sentec_eject  goto 253
	asignacion  goto 23
	invoc_fun  goto 24
	seleccion  goto 25
	sald_mensaj  goto 26
	for  goto 27
	goto  goto 28
	triple_asig  goto 30


state 229
	multip_cuerp_fun : multip_cuerp_fun sentec_eject .  (74)

	.  reduce 74


state 230
	seleccion : IF condicion_punto_control THEN cuerpo_control else_punto_control cuerpo_control . endif_punto_control  (46)

	END_IF  shift 198
	.  error

	endif_punto_control  goto 254


state 231
	seleccion : IF condicion_punto_control THEN cuerpo_control else_punto_control endif_punto_control .  (50)

	.  reduce 50


state 232
	declar_tipo_trip : TYPEDEF TRIPLE '<' tipo '>' error . ';'  (165)

	';'  shift 255
	.  error


state 233
	declar_tipo_trip : TYPEDEF TRIPLE '<' tipo '>' ID .  (160)

	.  reduce 160


state 234
	declaracion_fun : tipo_fun FUN ID '(' ')' $$6 . cuerpo_funcion_p  (116)

	BEGIN  shift 256
	.  error

	cuerpo_funcion_p  goto 257


state 235
	declaracion_fun : tipo_fun FUN ID '(' $$3 lista_parametro . ')' $$4 cuerpo_funcion_p  (112)
	lista_parametro : lista_parametro . ',' parametro  (119)

	')'  shift 258
	','  shift 213
	.  error


state 236
	declaracion_fun : tipo_fun FUN '(' lista_parametro ')' $$5 . cuerpo_funcion_p  (114)

	BEGIN  shift 256
	.  error

	cuerpo_funcion_p  goto 259


state 237
	lista_parametro : lista_parametro ',' parametro .  (119)

	.  reduce 119


state 238
	for : FOR '(' asignacion_for ';' condicion_for CTE ')' . cuerpo_iteracion  (151)

	ID  shift 144
	GOTO  shift 8
	FOR  shift 9
	IF  shift 12
	BEGIN  shift 260
	OUTF  shift 13
	.  error

	sentec_eject  goto 261
	asignacion  goto 23
	invoc_fun  goto 24
	seleccion  goto 25
	sald_mensaj  goto 26
	for  goto 27
	goto  goto 28
	cuerpo_iteracion  goto 262
	triple_asig  goto 30


state 239
	for : FOR '(' asignacion_for ';' condicion_for ';' CTE . ')' cuerpo_iteracion  (149)

	')'  shift 263
	.  error


state 240
	for : FOR '(' asignacion_for ';' condicion_for ';' ')' . cuerpo_iteracion  (153)

	ID  shift 144
	GOTO  shift 8
	FOR  shift 9
	IF  shift 12
	BEGIN  shift 260
	OUTF  shift 13
	.  error

	sentec_eject  goto 261
	asignacion  goto 23
	invoc_fun  goto 24
	seleccion  goto 25
	sald_mensaj  goto 26
	for  goto 27
	goto  goto 28
	cuerpo_iteracion  goto 264
	triple_asig  goto 30


state 241
	for : FOR '(' asignacion_for ';' condicion_for ';' foravanc . CTE ')' cuerpo_iteracion  (144)
	for : FOR '(' asignacion_for ';' condicion_for ';' foravanc . ')' cuerpo_iteracion  (150)

	CTE  shift 265
	')'  shift 266
	.  error


state 242
	for : FOR '(' asignacion_for ';' condicion_for foravanc CTE . ')' cuerpo_iteracion  (146)

	')'  shift 267
	.  error


state 243
	for : FOR '(' asignacion_for ';' condicion_for foravanc ')' . cuerpo_iteracion  (152)

	ID  shift 144
	GOTO  shift 8
	FOR  shift 9
	IF  shift 12
	BEGIN  shift 260
	OUTF  shift 13
	.  error

	sentec_eject  goto 261
	asignacion  goto 23
	invoc_fun  goto 24
	seleccion  goto 25
	sald_mensaj  goto 26
	for  goto 27
	goto  goto 28
	cuerpo_iteracion  goto 268
	triple_asig  goto 30


state 244
	for : FOR '(' asignacion_for ';' condicion_for foravanc '-' . CTE ')' cuerpo_iteracion  (145)

	CTE  shift 269
	.  error


state 245
	for : FOR '(' asignacion_for condicion_for ';' foravanc CTE . ')' cuerpo_iteracion  (147)

	')'  shift 270
	.  error


state 246
	for : FOR '(' asignacion_for condicion_for foravanc CTE ')' . cuerpo_iteracion  (148)

	ID  shift 144
	GOTO  shift 8
	FOR  shift 9
	IF  shift 12
	BEGIN  shift 260
	OUTF  shift 13
	.  error

	sentec_eject  goto 261
	asignacion  goto 23
	invoc_fun  goto 24
	seleccion  goto 25
	sald_mensaj  goto 26
	for  goto 27
	goto  goto 28
	cuerpo_iteracion  goto 271
	triple_asig  goto 30


state 247
	condicion_2 : '(' patron_izq ')' error '(' patron_der . ')'  (37)

	')'  shift 272
	.  error


state 248
	condicion_2 : '(' patron_izq ')' comparador '(' patron_der . ')'  (33)

	')'  shift 273
	.  error


state 249
	condicion_2 : '(' patron_izq ')' comparador patron_der ')' .  (35)

	.  reduce 35


state 250
	condicion_2 : '(' patron_izq comparador '(' patron_der ')' .  (36)

	.  reduce 36


state 251
	patron_der : lista_patron_der ',' expresion_matematica .  (42)
	lista_patron_der : lista_patron_der ',' expresion_matematica .  (43)
	expresion_matematica : expresion_matematica . '+' termino  (85)
	expresion_matematica : expresion_matematica . '-' termino  (86)
	expresion_matematica : expresion_matematica . '+' error ')'  (89)
	expresion_matematica : expresion_matematica . '+' error ';'  (90)
	expresion_matematica : expresion_matematica . '-' error ')'  (91)
	expresion_matematica : expresion_matematica . '-' error ';'  (92)

	'+'  shift 99
	'-'  shift 100
	')'  reduce 42
	','  reduce 43


state 252
	cuerpo_control : BEGIN multip_cuerp_fun ';' END .  (62)

	.  reduce 62


state 253
	multip_cuerp_fun : multip_cuerp_fun ';' sentec_eject .  (72)

	.  reduce 72


state 254
	seleccion : IF condicion_punto_control THEN cuerpo_control else_punto_control cuerpo_control endif_punto_control .  (46)

	.  reduce 46


state 255
	declar_tipo_trip : TYPEDEF TRIPLE '<' tipo '>' error ';' .  (165)

	.  reduce 165


state 256
	cuerpo_funcion_p : BEGIN . bloques_funcion ';' END  (125)

	ID  shift 7
	GOTO  shift 8
	FOR  shift 9
	ULONGINT  shift 10
	DOUBLE  shift 11
	IF  shift 12
	OUTF  shift 13
	TYPEDEF  shift 14
	RET  shift 274
	TAG  shift 15
	.  error

	sentencia  goto 275
	sentec_declar  goto 18
	sentec_eject  goto 19
	declaracion_var  goto 20
	declaracion_fun  goto 21
	declar_tipo_trip  goto 22
	asignacion  goto 23
	invoc_fun  goto 24
	seleccion  goto 25
	sald_mensaj  goto 26
	for  goto 27
	goto  goto 28
	tipo  goto 29
	triple_asig  goto 30
	tipo_fun  goto 31
	bloques_funcion  goto 276
	bloque_funcion  goto 277
	retorno  goto 278


state 257
	declaracion_fun : tipo_fun FUN ID '(' ')' $$6 cuerpo_funcion_p .  (116)

	.  reduce 116


state 258
	declaracion_fun : tipo_fun FUN ID '(' $$3 lista_parametro ')' . $$4 cuerpo_funcion_p  (112)
	$$4 : .  (111)

	.  reduce 111

	$$4  goto 279


state 259
	declaracion_fun : tipo_fun FUN '(' lista_parametro ')' $$5 cuerpo_funcion_p .  (114)

	.  reduce 114


state 260
	cuerpo_iteracion : BEGIN . multip_cuerp_fun ';' END  (67)
	cuerpo_iteracion : BEGIN . ';' END  (69)
	cuerpo_iteracion : BEGIN . END  (70)
	cuerpo_iteracion : BEGIN . multip_cuerp_fun END  (71)

	ID  shift 144
	GOTO  shift 8
	FOR  shift 9
	IF  shift 12
	END  shift 280
	OUTF  shift 13
	';'  shift 281
	.  error

	sentec_eject  goto 193
	asignacion  goto 23
	invoc_fun  goto 24
	seleccion  goto 25
	sald_mensaj  goto 26
	for  goto 27
	goto  goto 28
	multip_cuerp_fun  goto 282
	triple_asig  goto 30


state 261
	cuerpo_iteracion : sentec_eject . ';'  (68)

	';'  shift 283
	.  error


state 262
	for : FOR '(' asignacion_for ';' condicion_for CTE ')' cuerpo_iteracion .  (151)

	.  reduce 151


state 263
	for : FOR '(' asignacion_for ';' condicion_for ';' CTE ')' . cuerpo_iteracion  (149)

	ID  shift 144
	GOTO  shift 8
	FOR  shift 9
	IF  shift 12
	BEGIN  shift 260
	OUTF  shift 13
	.  error

	sentec_eject  goto 261
	asignacion  goto 23
	invoc_fun  goto 24
	seleccion  goto 25
	sald_mensaj  goto 26
	for  goto 27
	goto  goto 28
	cuerpo_iteracion  goto 284
	triple_asig  goto 30


state 264
	for : FOR '(' asignacion_for ';' condicion_for ';' ')' cuerpo_iteracion .  (153)

	.  reduce 153


state 265
	for : FOR '(' asignacion_for ';' condicion_for ';' foravanc CTE . ')' cuerpo_iteracion  (144)

	')'  shift 285
	.  error


state 266
	for : FOR '(' asignacion_for ';' condicion_for ';' foravanc ')' . cuerpo_iteracion  (150)

	ID  shift 144
	GOTO  shift 8
	FOR  shift 9
	IF  shift 12
	BEGIN  shift 260
	OUTF  shift 13
	.  error

	sentec_eject  goto 261
	asignacion  goto 23
	invoc_fun  goto 24
	seleccion  goto 25
	sald_mensaj  goto 26
	for  goto 27
	goto  goto 28
	cuerpo_iteracion  goto 286
	triple_asig  goto 30


state 267
	for : FOR '(' asignacion_for ';' condicion_for foravanc CTE ')' . cuerpo_iteracion  (146)

	ID  shift 144
	GOTO  shift 8
	FOR  shift 9
	IF  shift 12
	BEGIN  shift 260
	OUTF  shift 13
	.  error

	sentec_eject  goto 261
	asignacion  goto 23
	invoc_fun  goto 24
	seleccion  goto 25
	sald_mensaj  goto 26
	for  goto 27
	goto  goto 28
	cuerpo_iteracion  goto 287
	triple_asig  goto 30


state 268
	for : FOR '(' asignacion_for ';' condicion_for foravanc ')' cuerpo_iteracion .  (152)

	.  reduce 152


state 269
	for : FOR '(' asignacion_for ';' condicion_for foravanc '-' CTE . ')' cuerpo_iteracion  (145)

	')'  shift 288
	.  error


state 270
	for : FOR '(' asignacion_for condicion_for ';' foravanc CTE ')' . cuerpo_iteracion  (147)

	ID  shift 144
	GOTO  shift 8
	FOR  shift 9
	IF  shift 12
	BEGIN  shift 260
	OUTF  shift 13
	.  error

	sentec_eject  goto 261
	asignacion  goto 23
	invoc_fun  goto 24
	seleccion  goto 25
	sald_mensaj  goto 26
	for  goto 27
	goto  goto 28
	cuerpo_iteracion  goto 289
	triple_asig  goto 30


state 271
	for : FOR '(' asignacion_for condicion_for foravanc CTE ')' cuerpo_iteracion .  (148)

	.  reduce 148


state 272
	condicion_2 : '(' patron_izq ')' error '(' patron_der ')' .  (37)

	.  reduce 37


state 273
	condicion_2 : '(' patron_izq ')' comparador '(' patron_der ')' .  (33)

	.  reduce 33


state 274
	retorno : RET . '(' expresion_matematica ')'  (131)

	'('  shift 290
	.  error


state 275
	bloque_funcion : sentencia .  (130)

	.  reduce 130


state 276
	cuerpo_funcion_p : BEGIN bloques_funcion . ';' END  (125)
	bloques_funcion : bloques_funcion . ';' bloque_funcion  (126)
	bloques_funcion : bloques_funcion . bloque_funcion  (128)

	ID  shift 7
	GOTO  shift 8
	FOR  shift 9
	ULONGINT  shift 10
	DOUBLE  shift 11
	IF  shift 12
	OUTF  shift 13
	TYPEDEF  shift 14
	RET  shift 274
	TAG  shift 15
	';'  shift 291
	.  error

	sentencia  goto 275
	sentec_declar  goto 18
	sentec_eject  goto 19
	declaracion_var  goto 20
	declaracion_fun  goto 21
	declar_tipo_trip  goto 22
	asignacion  goto 23
	invoc_fun  goto 24
	seleccion  goto 25
	sald_mensaj  goto 26
	for  goto 27
	goto  goto 28
	tipo  goto 29
	triple_asig  goto 30
	tipo_fun  goto 31
	bloque_funcion  goto 292
	retorno  goto 278


state 277
	bloques_funcion : bloque_funcion .  (127)

	.  reduce 127


state 278
	bloque_funcion : retorno .  (129)

	.  reduce 129


state 279
	declaracion_fun : tipo_fun FUN ID '(' $$3 lista_parametro ')' $$4 . cuerpo_funcion_p  (112)

	BEGIN  shift 256
	.  error

	cuerpo_funcion_p  goto 293


state 280
	cuerpo_iteracion : BEGIN END .  (70)

	.  reduce 70


state 281
	cuerpo_iteracion : BEGIN ';' . END  (69)

	END  shift 294
	.  error


state 282
	cuerpo_iteracion : BEGIN multip_cuerp_fun . ';' END  (67)
	cuerpo_iteracion : BEGIN multip_cuerp_fun . END  (71)
	multip_cuerp_fun : multip_cuerp_fun . ';' sentec_eject  (72)
	multip_cuerp_fun : multip_cuerp_fun . sentec_eject  (74)

	ID  shift 144
	GOTO  shift 8
	FOR  shift 9
	IF  shift 12
	END  shift 295
	OUTF  shift 13
	';'  shift 296
	.  error

	sentec_eject  goto 229
	asignacion  goto 23
	invoc_fun  goto 24
	seleccion  goto 25
	sald_mensaj  goto 26
	for  goto 27
	goto  goto 28
	triple_asig  goto 30


state 283
	cuerpo_iteracion : sentec_eject ';' .  (68)

	.  reduce 68


state 284
	for : FOR '(' asignacion_for ';' condicion_for ';' CTE ')' cuerpo_iteracion .  (149)

	.  reduce 149


state 285
	for : FOR '(' asignacion_for ';' condicion_for ';' foravanc CTE ')' . cuerpo_iteracion  (144)

	ID  shift 144
	GOTO  shift 8
	FOR  shift 9
	IF  shift 12
	BEGIN  shift 260
	OUTF  shift 13
	.  error

	sentec_eject  goto 261
	asignacion  goto 23
	invoc_fun  goto 24
	seleccion  goto 25
	sald_mensaj  goto 26
	for  goto 27
	goto  goto 28
	cuerpo_iteracion  goto 297
	triple_asig  goto 30


state 286
	for : FOR '(' asignacion_for ';' condicion_for ';' foravanc ')' cuerpo_iteracion .  (150)

	.  reduce 150


state 287
	for : FOR '(' asignacion_for ';' condicion_for foravanc CTE ')' cuerpo_iteracion .  (146)

	.  reduce 146


state 288
	for : FOR '(' asignacion_for ';' condicion_for foravanc '-' CTE ')' . cuerpo_iteracion  (145)

	ID  shift 144
	GOTO  shift 8
	FOR  shift 9
	IF  shift 12
	BEGIN  shift 260
	OUTF  shift 13
	.  error

	sentec_eject  goto 261
	asignacion  goto 23
	invoc_fun  goto 24
	seleccion  goto 25
	sald_mensaj  goto 26
	for  goto 27
	goto  goto 28
	cuerpo_iteracion  goto 298
	triple_asig  goto 30


state 289
	for : FOR '(' asignacion_for condicion_for ';' foravanc CTE ')' cuerpo_iteracion .  (147)

	.  reduce 147


state 290
	retorno : RET '(' . expresion_matematica ')'  (131)

	ID  shift 44
	CTE  shift 45
	'+'  shift 47
	'-'  shift 48
	'*'  shift 49
	'/'  shift 50
	.  error

	invoc_fun  goto 51
	expresion_matematica  goto 299
	termino  goto 56
	factor  goto 57
	constante  goto 58
	triple  goto 59


state 291
	cuerpo_funcion_p : BEGIN bloques_funcion ';' . END  (125)
	bloques_funcion : bloques_funcion ';' . bloque_funcion  (126)

	ID  shift 7
	GOTO  shift 8
	FOR  shift 9
	ULONGINT  shift 10
	DOUBLE  shift 11
	IF  shift 12
	END  shift 300
	OUTF  shift 13
	TYPEDEF  shift 14
	RET  shift 274
	TAG  shift 15
	.  error

	sentencia  goto 275
	sentec_declar  goto 18
	sentec_eject  goto 19
	declaracion_var  goto 20
	declaracion_fun  goto 21
	declar_tipo_trip  goto 22
	asignacion  goto 23
	invoc_fun  goto 24
	seleccion  goto 25
	sald_mensaj  goto 26
	for  goto 27
	goto  goto 28
	tipo  goto 29
	triple_asig  goto 30
	tipo_fun  goto 31
	bloque_funcion  goto 301
	retorno  goto 278


state 292
	bloques_funcion : bloques_funcion bloque_funcion .  (128)

	.  reduce 128


state 293
	declaracion_fun : tipo_fun FUN ID '(' $$3 lista_parametro ')' $$4 cuerpo_funcion_p .  (112)

	.  reduce 112


state 294
	cuerpo_iteracion : BEGIN ';' END .  (69)

	.  reduce 69


state 295
	cuerpo_iteracion : BEGIN multip_cuerp_fun END .  (71)

	.  reduce 71


state 296
	cuerpo_iteracion : BEGIN multip_cuerp_fun ';' . END  (67)
	multip_cuerp_fun : multip_cuerp_fun ';' . sentec_eject  (72)

	ID  shift 144
	GOTO  shift 8
	FOR  shift 9
	IF  shift 12
	END  shift 302
	OUTF  shift 13
	.  error

	sentec_eject  goto 253
	asignacion  goto 23
	invoc_fun  goto 24
	seleccion  goto 25
	sald_mensaj  goto 26
	for  goto 27
	goto  goto 28
	triple_asig  goto 30


state 297
	for : FOR '(' asignacion_for ';' condicion_for ';' foravanc CTE ')' cuerpo_iteracion .  (144)

	.  reduce 144


state 298
	for : FOR '(' asignacion_for ';' condicion_for foravanc '-' CTE ')' cuerpo_iteracion .  (145)

	.  reduce 145


state 299
	expresion_matematica : expresion_matematica . '+' termino  (85)
	expresion_matematica : expresion_matematica . '-' termino  (86)
	expresion_matematica : expresion_matematica . '+' error ')'  (89)
	expresion_matematica : expresion_matematica . '+' error ';'  (90)
	expresion_matematica : expresion_matematica . '-' error ')'  (91)
	expresion_matematica : expresion_matematica . '-' error ';'  (92)
	retorno : RET '(' expresion_matematica . ')'  (131)

	')'  shift 303
	'+'  shift 99
	'-'  shift 100
	.  error


state 300
	cuerpo_funcion_p : BEGIN bloques_funcion ';' END .  (125)

	.  reduce 125


state 301
	bloques_funcion : bloques_funcion ';' bloque_funcion .  (126)

	.  reduce 126


state 302
	cuerpo_iteracion : BEGIN multip_cuerp_fun ';' END .  (67)

	.  reduce 67


state 303
	retorno : RET '(' expresion_matematica ')' .  (131)

	.  reduce 131


40 terminals, 59 nonterminals
166 grammar rules, 304 states
